This is pdfeTeX, Version 3.141592-1.30.4-2.2 (Web2C 7.5.5) (format=pdflatex 2006.1.7)  21 DEC 2009 14:08
entering extended mode
\write18 enabled.
**15OldLieGroupsAlgebras.tex
(./15OldLieGroupsAlgebras.tex
LaTeX2e <2003/12/01>
Babel <v3.8d> and hyphenation patterns for american, french, german, ngerman, d
utch, italian, norsk, portuges, spanish, swedish, nohyphenation, loaded.
! Undefined control sequence.
l.1 \section
            {Lie Groups and Lie Algebras}
? 
! Emergency stop.
l.1 \section
            {Lie Groups and Lie Algebras}
End of file on the terminal!

 
Here is how much of TeX's memory you used:
 5 strings out of 95137
 183 string characters out of 1183014
 2045165 words of memory out of 4500000
 3252 multiletter control sequences out of 10000+50000
 3640 words of font info for 14 fonts, out of 2000000 for 2000
 58 hyphenation exceptions out of 5000
 5i,0n,1p,66b,8s stack positions out of 5000i,500n,6000p,200000b,40000s
PDF statistics:
 0 PDF objects out of 300000
 0 named destinations out of 131072
 1 words of extra memory for PDF output out of 10000
No pages of output.
