This is pdfeTeX, Version 3.141592-1.30.4-2.2 (Web2C 7.5.5) (format=pdflatex 2006.1.7)  23 DEC 2009 12:29
entering extended mode
\write18 enabled.
**18schneiderdiagram.tex
(./18schneiderdiagram.tex
LaTeX2e <2003/12/01>
Babel <v3.8d> and hyphenation patterns for american, french, german, ngerman, d
utch, italian, norsk, portuges, spanish, swedish, nohyphenation, loaded.

! LaTeX Error: Missing \begin{document}.

See the LaTeX manual or LaTeX Companion for explanation.
Type  H <return>  for immediate help.
 ...                                              
                                                  
l.2 \textbf{$\star$ Finite G $\star$}
                                     
? 
! Emergency stop.
 ...                                              
                                                  
l.2 \textbf{$\star$ Finite G $\star$}
                                     
You're in trouble here.  Try typing  <return>  to proceed.
If that doesn't work, type  X <return>  to quit.

 
Here is how much of TeX's memory you used:
 6 strings out of 95137
 300 string characters out of 1183014
 2045165 words of memory out of 4500000
 3252 multiletter control sequences out of 10000+50000
 3640 words of font info for 14 fonts, out of 2000000 for 2000
 58 hyphenation exceptions out of 5000
 8i,0n,5p,79b,14s stack positions out of 5000i,500n,6000p,200000b,40000s
PDF statistics:
 0 PDF objects out of 300000
 0 named destinations out of 131072
 1 words of extra memory for PDF output out of 10000
No pages of output.
