This is pdfTeX, Version 3.1415926-2.3-1.40.12 (TeX Live 2011) (format=pdflatex 2011.7.3)  15 JAN 2012 16:25
entering extended mode
 \write18 enabled.
 file:line:error style messages enabled.
 %&-line parsing enabled.
**"ThesisMaster 20:12:09.tex"
(./ThesisMaster 20:12:09.tex
LaTeX2e <2009/09/24>
Babel <v3.8l> and hyphenation patterns for english, dumylang, nohyphenation, ge
rman-x-2009-06-19, ngerman-x-2009-06-19, afrikaans, ancientgreek, ibycus, arabi
c, armenian, basque, bulgarian, catalan, pinyin, coptic, croatian, czech, danis
h, dutch, ukenglish, usenglishmax, esperanto, estonian, ethiopic, farsi, finnis
h, french, galician, german, ngerman, swissgerman, monogreek, greek, hungarian,
 icelandic, assamese, bengali, gujarati, hindi, kannada, malayalam, marathi, or
iya, panjabi, tamil, telugu, indonesian, interlingua, irish, italian, kurmanji,
 lao, latin, latvian, lithuanian, mongolian, mongolianlmc, bokmal, nynorsk, pol
ish, portuguese, romanian, russian, sanskrit, serbian, serbianc, slovak, sloven
ian, spanish, swedish, turkish, turkmen, ukrainian, uppersorbian, welsh, loaded
.
(/usr/local/texlive/2011/texmf-dist/tex/latex/base/report.cls
Document Class: report 2007/10/19 v1.4h Standard LaTeX document class
(/usr/local/texlive/2011/texmf-dist/tex/latex/base/size10.clo
File: size10.clo 2007/10/19 v1.4h Standard LaTeX file (size option)
)
\c@part=\count79
\c@chapter=\count80
\c@section=\count81
\c@subsection=\count82
\c@subsubsection=\count83
\c@paragraph=\count84
\c@subparagraph=\count85
\c@figure=\count86
\c@table=\count87
\abovecaptionskip=\skip41
\belowcaptionskip=\skip42
\bibindent=\dimen102
)
(/usr/local/texlive/2011/texmf-dist/tex/latex/base/latexsym.sty
Package: latexsym 1998/08/17 v2.2e Standard LaTeX package (lasy symbols)
\symlasy=\mathgroup4
LaTeX Font Info:    Overwriting symbol font `lasy' in version `bold'
(Font)                  U/lasy/m/n --> U/lasy/b/n on input line 47.
)
(/usr/local/texlive/2011/texmf-dist/tex/latex/base/newlfont.sty
Package: newlfont 1998/08/17 v2.2m Standard LaTeX package
LaTeX Info: Redefining \em on input line 67.
)
(/usr/local/texlive/2011/texmf-dist/tex/latex/amsmath/amsmath.sty
Package: amsmath 2000/07/18 v2.13 AMS math features
\@mathmargin=\skip43

For additional information on amsmath, use the `?' option.
(/usr/local/texlive/2011/texmf-dist/tex/latex/amsmath/amstext.sty
Package: amstext 2000/06/29 v2.01

(/usr/local/texlive/2011/texmf-dist/tex/latex/amsmath/amsgen.sty
File: amsgen.sty 1999/11/30 v2.0
\@emptytoks=\toks14
\ex@=\dimen103
))
(/usr/local/texlive/2011/texmf-dist/tex/latex/amsmath/amsbsy.sty
Package: amsbsy 1999/11/29 v1.2d
\pmbraise@=\dimen104
)
(/usr/local/texlive/2011/texmf-dist/tex/latex/amsmath/amsopn.sty
Package: amsopn 1999/12/14 v2.01 operator names
)
\inf@bad=\count88
LaTeX Info: Redefining \frac on input line 211.
\uproot@=\count89
\leftroot@=\count90
LaTeX Info: Redefining \overline on input line 307.
\classnum@=\count91
\DOTSCASE@=\count92
LaTeX Info: Redefining \ldots on input line 379.
LaTeX Info: Redefining \dots on input line 382.
LaTeX Info: Redefining \cdots on input line 467.
\Mathstrutbox@=\box26
\strutbox@=\box27
\big@size=\dimen105
LaTeX Font Info:    Redeclaring font encoding OML on input line 567.
LaTeX Font Info:    Redeclaring font encoding OMS on input line 568.
\macc@depth=\count93
\c@MaxMatrixCols=\count94
\dotsspace@=\muskip10
\c@parentequation=\count95
\dspbrk@lvl=\count96
\tag@help=\toks15
\row@=\count97
\column@=\count98
\maxfields@=\count99
\andhelp@=\toks16
\eqnshift@=\dimen106
\alignsep@=\dimen107
\tagshift@=\dimen108
\tagwidth@=\dimen109
\totwidth@=\dimen110
\lineht@=\dimen111
\@envbody=\toks17
\multlinegap=\skip44
\multlinetaggap=\skip45
\mathdisplay@stack=\toks18
LaTeX Info: Redefining \[ on input line 2666.
LaTeX Info: Redefining \] on input line 2667.
)
(/usr/local/texlive/2011/texmf-dist/tex/latex/amsfonts/amssymb.sty
Package: amssymb 2009/06/22 v3.00

(/usr/local/texlive/2011/texmf-dist/tex/latex/amsfonts/amsfonts.sty
Package: amsfonts 2009/06/22 v3.00 Basic AMSFonts support
\symAMSa=\mathgroup5
\symAMSb=\mathgroup6
LaTeX Font Info:    Overwriting math alphabet `\mathfrak' in version `bold'
(Font)                  U/euf/m/n --> U/euf/b/n on input line 96.
))
(/usr/local/texlive/2011/texmf-dist/tex/latex/amsmath/amscd.sty
Package: amscd 1999/11/29 v1.2d
\athelp@=\toks19
\minaw@=\dimen112
\bigaw@=\dimen113
\minCDarrowwidth=\dimen114
)
(/usr/local/texlive/2011/texmf-dist/tex/latex/pdfsync/pdfsync.sty
Package: pdfsync 2008/01/26 v1.1
)
\c@thm=\count100
\c@defn=\count101

(./ThesisMaster 20:12:09.aux

LaTeX Warning: Label `df3.1.1' multiply defined.

)
\openout1 = `"ThesisMaster 20:12:09.aux"'.

LaTeX Font Info:    Checking defaults for OML/cmm/m/it on input line 52.
LaTeX Font Info:    ... okay on input line 52.
LaTeX Font Info:    Checking defaults for T1/cmr/m/n on input line 52.
LaTeX Font Info:    ... okay on input line 52.
LaTeX Font Info:    Checking defaults for OT1/cmr/m/n on input line 52.
LaTeX Font Info:    ... okay on input line 52.
LaTeX Font Info:    Checking defaults for OMS/cmsy/m/n on input line 52.
LaTeX Font Info:    ... okay on input line 52.
LaTeX Font Info:    Checking defaults for OMX/cmex/m/n on input line 52.
LaTeX Font Info:    ... okay on input line 52.
LaTeX Font Info:    Checking defaults for U/cmr/m/n on input line 52.
LaTeX Font Info:    ... okay on input line 52.
Configuring pdfsync
\PDFSYNC@ut=\write3
\openout3 = `"ThesisMaster 20:12:09.pdfsync"'.

\PDFSYNCf@li@=\count102
\PDFSYNC@rder=\count103
**** pdfsync.sty: Synchronizing at \everypar
\PDFSYNCeveryp@r=\toks20
**** pdfsync.sty: Synchronizing at \everymath
\PDFSYNCeverym@th=\toks21
**** pdfsync.sty: Synchronizing at \everyhbox
\PDFSYNCeveryhb@x=\toks22
**** pdfsync.sty: Synchronizing at \everyvbox
\PDFSYNCeveryvb@x=\toks23
**** pdfsync.sty: started
LaTeX Font Info:    Try loading font information for U+lasy on input line 53.
 (/usr/local/texlive/2011/texmf-dist/tex/latex/base/ulasy.fd
File: ulasy.fd 1998/08/17 v2.2e LaTeX symbol font definitions
)
LaTeX Font Info:    Try loading font information for U+msa on input line 53.

(/usr/local/texlive/2011/texmf-dist/tex/latex/amsfonts/umsa.fd
File: umsa.fd 2009/06/22 v3.00 AMS symbols A
)
LaTeX Font Info:    Try loading font information for U+msb on input line 53.

(/usr/local/texlive/2011/texmf-dist/tex/latex/amsfonts/umsb.fd
File: umsb.fd 2009/06/22 v3.00 AMS symbols B
) [1

{/usr/local/texlive/2011/texmf-var/fonts/map/pdftex/updmap/pdftex.map}]
(./ThesisMaster 20:12:09.toc [1

])
\tf@toc=\write4
\openout4 = `"ThesisMaster 20:12:09.toc"'.

 [2]
Chapter 1.
(./1Introduction.tex [3

]
LaTeX Font Info:    Try loading font information for OMS+cmr on input line 81.

(/usr/local/texlive/2011/texmf-dist/tex/latex/base/omscmr.fd
File: omscmr.fd 1999/05/25 v2.5h Standard LaTeX font definitions
)
LaTeX Font Info:    Font shape `OMS/cmr/m/n' in size <10> not available
(Font)              Font shape `OMS/cmsy/m/n' tried instead on input line 81.
LaTeX Font Info:    Try loading font information for U+euf on input line 89.

(/usr/local/texlive/2011/texmf-dist/tex/latex/amsfonts/ueuf.fd
File: ueuf.fd 2009/06/22 v3.00 Euler Fraktur
) [4] [5]
[6] [7] [8] [9] [10] [11]
LaTeX Font Info:    Font shape `OMS/cmr/m/it' in size <10> not available
(Font)              Font shape `OMS/cmsy/m/n' tried instead on input line 509.
 [12]
Missing character: There is no ¥ in font cmr10!
Missing character: There is no ¥ in font cmr10!
) [13]
Chapter 2.
(./17analytic.tex [14

] [15] [16] [17] [18] [19] [20] [21] [22] [23] [24]
[25] [26] [27]) (./2OldIwasawaAlgebras.tex [28] [29]

LaTeX Warning: Reference `CFTC' on page 30 undefined on input line 104.

[30] [31] [32] [33] [34]) (./19Logarithms.tex [35]) (./18schneiderdiagram.tex
[36] [37] [38] [39]) [40]
Chapter 3.
(./3OldHochschildHomology.tex [41

]
Missing character: There is no Á in font cmr7!
 [42] [43] [44] [45] [46])
(./4OldNovikovRings.tex [47] [48] [49]) (./5OldCompletionHochschild.tex
[50] [51] [52]
Missing character: There is no ¥ in font cmr10!
Missing character: There is no ¥ in font cmr10!
 [53]
Missing character: There is no ¥ in font cmr10!
Missing character: There is no ¥ in font cmr10!
Missing character: There is no ¥ in font cmr10!
Missing character: There is no ¥ in font cmr10!
Missing character: There is no ¥ in font cmr10!
Missing character: There is no ¥ in font cmr10!
Missing character: There is no ¥ in font cmr10!
Missing character: There is no ¥ in font cmr10!
Missing character: There is no ¥ in font cmr10!
 [54]
Missing character: There is no ¥ in font cmr10!
Missing character: There is no ¥ in font cmr10!
Missing character: There is no ¥ in font cmr10!
Missing character: There is no ¥ in font cmr10!
Missing character: There is no ¥ in font cmr10!
Missing character: There is no ¥ in font cmr10!
Missing character: There is no ¥ in font cmr10!
Missing character: There is no ¥ in font cmr10!
 [55]
Missing character: There is no ¥ in font cmr10!
Missing character: There is no ¥ in font cmr10!
Missing character: There is no ¥ in font cmr10!
Missing character: There is no ¥ in font cmr10!
Missing character: There is no ¥ in font cmr10!
 [56]

LaTeX Warning: Reference `fusion' on page 57 undefined on input line 408.

[57] [58]
Missing character: There is no c in font msbm10!
Missing character: There is no c in font msbm10!
Missing character: There is no c in font msbm10!
) [59]
Chapter 4.
(./6OldKTheory.tex [60

] [61] [62] [63] [64] [65]) (./7OldDennisTraceMap.tex
[66] [67]) (./8OldGradientFlows.tex

LaTeX Warning: Reference `HHNR' on page 68 undefined on input line 8.

[68]
Missing character: There is no Ò in font cmr10!
Missing character: There is no Ó in font cmr10!


LaTeX Warning: Reference `general dtm' on page 69 undefined on input line 22.

) (./9OldDefiningDTM.tex [69]) (./10OldClassicalCase.tex
Missing character: There is no ¥ in font cmr10!
Missing character: There is no ¥ in font cmr10!
Missing character: There is no ¥ in font cmr10!
Missing character: There is no ¥ in font cmr10!
Missing character: There is no ¥ in font cmr10!
Missing character: There is no ¥ in font cmr10!
 [70] [71]) [72]
Chapter 5.
[73

]
Chapter 6.
(./11OldLocalization.tex

LaTeX Warning: Reference `general dtm' on page 74 undefined on input line 3.

[74

]

LaTeX Warning: Reference `section14' on page 75 undefined on input line 61.


LaTeX Warning: Reference `section14' on page 75 undefined on input line 65.

[75]

LaTeX Warning: Reference `CHH' on page 76 undefined on input line 112.

[76]) [77]
Appendix A.
(./12OldDerivedFunctors.tex
Missing character: There is no b in font msbm10!
Missing character: There is no b in font msbm10!
 [78

] [79] [80] [81] [82] [83] [84])
(./13OldGroupCohomology.tex [85] [86] [87]) [88]
Appendix B.
(./14OldHomologyProfinteGroups.tex

LaTeX Warning: Reference `CHH' on page 89 undefined on input line 10.

[89

] [90] [91] [92] [93] [94] [95] [96] [97]) [98]
Appendix C.
(./15OldLieGroupsAlgebras.tex [99

] [100] [101] [102] [103] [104] [105])
[106]
Appendix D.
(./16OldLieAlgebraCohomology.tex [107

] [108] [109] [110] [111] [112] [113]
[114] [115] [116]) (./ThesisMaster 20:12:09.bbl [117]) [118

]
(./ThesisMaster 20:12:09.aux)

LaTeX Warning: There were undefined references.


LaTeX Warning: There were multiply-defined labels.

 ) 
Here is how much of TeX's memory you used:
 1622 strings out of 493633
 19134 string characters out of 3143378
 78111 words of memory out of 3000000
 4855 multiletter control sequences out of 15000+200000
 21465 words of font info for 83 fonts, out of 3000000 for 9000
 831 hyphenation exceptions out of 8191
 27i,27n,24p,866b,346s stack positions out of 5000i,500n,10000p,200000b,50000s
</usr/local/texlive/2011/texmf-dist/fonts/type1/public/amsfonts/cm/cmbx10.pfb
></usr/local/texlive/2011/texmf-dist/fonts/type1/public/amsfonts/cm/cmbx12.pfb>
</usr/local/texlive/2011/texmf-dist/fonts/type1/public/amsfonts/cm/cmbx5.pfb></
usr/local/texlive/2011/texmf-dist/fonts/type1/public/amsfonts/cm/cmbx7.pfb></us
r/local/texlive/2011/texmf-dist/fonts/type1/public/amsfonts/cm/cmbxti10.pfb></u
sr/local/texlive/2011/texmf-dist/fonts/type1/public/amsfonts/cm/cmex10.pfb></us
r/local/texlive/2011/texmf-dist/fonts/type1/public/amsfonts/cmextra/cmex7.pfb><
/usr/local/texlive/2011/texmf-dist/fonts/type1/public/amsfonts/cm/cmmi10.pfb></
usr/local/texlive/2011/texmf-dist/fonts/type1/public/amsfonts/cm/cmmi12.pfb></u
sr/local/texlive/2011/texmf-dist/fonts/type1/public/amsfonts/cm/cmmi5.pfb></usr
/local/texlive/2011/texmf-dist/fonts/type1/public/amsfonts/cm/cmmi7.pfb></usr/l
ocal/texlive/2011/texmf-dist/fonts/type1/public/amsfonts/cm/cmmi8.pfb></usr/loc
al/texlive/2011/texmf-dist/fonts/type1/public/amsfonts/cm/cmr10.pfb></usr/local
/texlive/2011/texmf-dist/fonts/type1/public/amsfonts/cm/cmr12.pfb></usr/local/t
exlive/2011/texmf-dist/fonts/type1/public/amsfonts/cm/cmr17.pfb></usr/local/tex
live/2011/texmf-dist/fonts/type1/public/amsfonts/cm/cmr5.pfb></usr/local/texliv
e/2011/texmf-dist/fonts/type1/public/amsfonts/cm/cmr7.pfb></usr/local/texlive/2
011/texmf-dist/fonts/type1/public/amsfonts/cm/cmr8.pfb></usr/local/texlive/2011
/texmf-dist/fonts/type1/public/amsfonts/cm/cmsl10.pfb></usr/local/texlive/2011/
texmf-dist/fonts/type1/public/amsfonts/cm/cmsy10.pfb></usr/local/texlive/2011/t
exmf-dist/fonts/type1/public/amsfonts/cm/cmsy5.pfb></usr/local/texlive/2011/tex
mf-dist/fonts/type1/public/amsfonts/cm/cmsy7.pfb></usr/local/texlive/2011/texmf
-dist/fonts/type1/public/amsfonts/cm/cmti10.pfb></usr/local/texlive/2011/texmf-
dist/fonts/type1/public/amsfonts/cm/cmti7.pfb></usr/local/texlive/2011/texmf-di
st/fonts/type1/public/amsfonts/euler/eufm10.pfb></usr/local/texlive/2011/texmf-
dist/fonts/type1/public/amsfonts/symbols/msam10.pfb></usr/local/texlive/2011/te
xmf-dist/fonts/type1/public/amsfonts/symbols/msam7.pfb></usr/local/texlive/2011
/texmf-dist/fonts/type1/public/amsfonts/symbols/msbm10.pfb></usr/local/texlive/
2011/texmf-dist/fonts/type1/public/amsfonts/symbols/msbm7.pfb>
Output written on "ThesisMaster 20:12:09.pdf" (119 pages, 748075 bytes).
PDF statistics:
 505 PDF objects out of 1000 (max. 8388607)
 351 compressed objects within 4 object streams
 0 named destinations out of 1000 (max. 500000)
 1 words of extra memory for PDF output out of 10000 (max. 10000000)

